# Logfile created on Sun Feb 21 16:45:14 -0600 2010REQUESTING PAGE: GET / with {} and HTTP headers {}


Processing ApplicationController#index (for 127.0.0.1 at 2010-02-21 16:45:17) [GET]
REQUESTING PAGE: GET / with {} and HTTP headers {}


Processing UserSessionsController#new (for 127.0.0.1 at 2010-02-21 23:26:25) [GET]
  Parameters: {"action"=>"new", "controller"=>"user_sessions"}
Rendering user_sessions/new


Processing ApplicationController#new (for 127.0.0.1 at 2010-02-21 23:26:25) [GET]
  Parameters: {"action"=>"new", "controller"=>"user_sessions"}
REQUESTING PAGE: GET / with {} and HTTP headers {}


Processing PagesController#show (for 127.0.0.1 at 2010-02-22 10:11:02) [GET]
  Parameters: {"action"=>"show", "id"=>"index", "controller"=>"pages"}
Rendering template within layouts/pages
Rendering pages/index
Completed in 7ms (View: 4, DB: 0) | 200 OK [http://www.example.com/]
REQUESTING PAGE: GET / with {} and HTTP headers {}


Processing PagesController#show (for 127.0.0.1 at 2010-02-22 10:11:35) [GET]
  Parameters: {"action"=>"show", "id"=>"index", "controller"=>"pages"}
Rendering template within layouts/pages
Rendering pages/index
Completed in 6ms (View: 4, DB: 0) | 200 OK [http://www.example.com/]
REQUESTING PAGE: GET http://www.example.com/accounts/new with {} and HTTP headers {"HTTP_REFERER"=>"/"}


Processing AccountsController#new (for 127.0.0.1 at 2010-02-22 10:11:35) [GET]
  Parameters: {"action"=>"new", "controller"=>"accounts"}


Processing ApplicationController#new (for 127.0.0.1 at 2010-02-22 10:11:35) [GET]
  Parameters: {"action"=>"new", "controller"=>"accounts"}
REQUESTING PAGE: GET / with {} and HTTP headers {}


Processing PagesController#show (for 127.0.0.1 at 2010-02-22 10:12:05) [GET]
  Parameters: {"action"=>"show", "id"=>"index", "controller"=>"pages"}
Rendering template within layouts/pages
Rendering pages/index
Completed in 8ms (View: 5, DB: 0) | 200 OK [http://www.example.com/]
REQUESTING PAGE: GET /users/new with {} and HTTP headers {"HTTP_REFERER"=>"/"}


Processing UsersController#new (for 127.0.0.1 at 2010-02-22 10:12:05) [GET]
  Parameters: {"action"=>"new", "controller"=>"users"}
Rendering users/new


Processing ApplicationController#new (for 127.0.0.1 at 2010-02-22 10:12:05) [GET]
  Parameters: {"action"=>"new", "controller"=>"users"}
REQUESTING PAGE: GET / with {} and HTTP headers {}


Processing PagesController#show (for 127.0.0.1 at 2010-02-22 10:12:35) [GET]
  Parameters: {"action"=>"show", "id"=>"index", "controller"=>"pages"}
Rendering template within layouts/pages
Rendering pages/index
Completed in 7ms (View: 4, DB: 0) | 200 OK [http://www.example.com/]
REQUESTING PAGE: GET /users/new with {} and HTTP headers {"HTTP_REFERER"=>"/"}


Processing UsersController#new (for 127.0.0.1 at 2010-02-22 10:12:36) [GET]
  Parameters: {"action"=>"new", "controller"=>"users"}
Rendering users/new
Rendered users/_form (10.8ms)
Completed in 22ms (View: 18, DB: 0) | 200 OK [http://www.example.com/users/new]
REQUESTING PAGE: GET / with {} and HTTP headers {}


Processing PagesController#show (for 127.0.0.1 at 2010-02-22 10:13:27) [GET]
  Parameters: {"action"=>"show", "id"=>"index", "controller"=>"pages"}
Rendering template within layouts/pages
Rendering pages/index
Completed in 101ms (View: 98, DB: 0) | 200 OK [http://www.example.com/]
REQUESTING PAGE: GET /users/new with {} and HTTP headers {"HTTP_REFERER"=>"/"}


Processing UsersController#new (for 127.0.0.1 at 2010-02-22 10:13:27) [GET]
  Parameters: {"action"=>"new", "controller"=>"users"}
Rendering users/new
Rendered users/_form (10.6ms)
Completed in 22ms (View: 18, DB: 0) | 200 OK [http://www.example.com/users/new]
REQUESTING PAGE: GET / with {} and HTTP headers {}


Processing PagesController#show (for 127.0.0.1 at 2010-02-22 10:14:12) [GET]
  Parameters: {"action"=>"show", "id"=>"index", "controller"=>"pages"}
Rendering template within layouts/pages
Rendering pages/index
Completed in 103ms (View: 99, DB: 0) | 200 OK [http://www.example.com/]
REQUESTING PAGE: GET /users/new with {} and HTTP headers {"HTTP_REFERER"=>"/"}


Processing UsersController#new (for 127.0.0.1 at 2010-02-22 10:14:13) [GET]
  Parameters: {"action"=>"new", "controller"=>"users"}
Rendering users/new
Rendered users/_form (10.5ms)
Completed in 22ms (View: 18, DB: 0) | 200 OK [http://www.example.com/users/new]
REQUESTING PAGE: POST /users with {"commit"=>"sign up", "user"=>{"password_confirmation"=>"password", "password"=>"password", "login"=>"", "email"=>"ryan@wonderset.com"}} and HTTP headers {"HTTP_REFERER"=>"/users/new"}


Processing UsersController#create (for 127.0.0.1 at 2010-02-22 10:14:13) [POST]
  Parameters: {"commit"=>"sign up", "action"=>"create", "controller"=>"users", "user"=>{"password_confirmation"=>"[FILTERED]", "login"=>"", "password"=>"[FILTERED]", "email"=>"ryan@wonderset.com"}}
  [4;36;1mAccount Create (0.5ms)[0m   [0;1mINSERT INTO "accounts" ("created_at", "updated_at", "subdomain") VALUES('2010-02-22 16:14:13', '2010-02-22 16:14:13', NULL)[0m
  [4;35;1mUser Load (0.2ms)[0m   [0mSELECT "users".id FROM "users" WHERE (LOWER("users"."email") = 'ryan@wonderset.com') LIMIT 1[0m
  [4;36;1mUser Load (0.1ms)[0m   [0;1mSELECT "users".id FROM "users" WHERE (LOWER("users"."login") = '') LIMIT 1[0m
  [4;35;1mUser Load (0.1ms)[0m   [0mSELECT "users".id FROM "users" WHERE ("users"."persistence_token" = '50fa9270148b5c1619c14cea5bd09f823ba18c28b812eef2f12b4b8cefa09011e179b46fbbc200490517475d5c954d5b9a97892fe3fc63f39616182670e66c2a') LIMIT 1[0m
  [4;36;1mUser Load (0.1ms)[0m   [0;1mSELECT "users".id FROM "users" WHERE ("users"."single_access_token" = 'p65IwVingasKO_lQs9VQ') LIMIT 1[0m
Rendering users/new
Rendered users/_form (6.2ms)
Completed in 206ms (View: 12, DB: 1) | 200 OK [http://www.example.com/users]
REQUESTING PAGE: GET / with {} and HTTP headers {}


Processing PagesController#show (for 127.0.0.1 at 2010-02-22 10:14:53) [GET]
  Parameters: {"action"=>"show", "id"=>"index", "controller"=>"pages"}
Rendering template within layouts/pages
Rendering pages/index
Completed in 103ms (View: 4, DB: 0) | 200 OK [http://www.example.com/]
REQUESTING PAGE: GET /users/new with {} and HTTP headers {"HTTP_REFERER"=>"/"}


Processing UsersController#new (for 127.0.0.1 at 2010-02-22 10:14:53) [GET]
  Parameters: {"action"=>"new", "controller"=>"users"}
Rendering users/new
Rendered users/_form (10.7ms)
Completed in 22ms (View: 18, DB: 0) | 200 OK [http://www.example.com/users/new]
REQUESTING PAGE: POST /users with {"commit"=>"sign up", "user"=>{"password_confirmation"=>"password", "password"=>"password", "login"=>"wonderset", "email"=>"ryan@wonderset.com"}} and HTTP headers {"HTTP_REFERER"=>"/users/new"}


Processing UsersController#create (for 127.0.0.1 at 2010-02-22 10:14:53) [POST]
  Parameters: {"commit"=>"sign up", "action"=>"create", "controller"=>"users", "user"=>{"password_confirmation"=>"[FILTERED]", "login"=>"wonderset", "password"=>"[FILTERED]", "email"=>"ryan@wonderset.com"}}
  [4;36;1mAccount Create (0.5ms)[0m   [0;1mINSERT INTO "accounts" ("created_at", "updated_at", "subdomain") VALUES('2010-02-22 16:14:53', '2010-02-22 16:14:53', NULL)[0m
  [4;35;1mUser Load (0.2ms)[0m   [0mSELECT "users".id FROM "users" WHERE (LOWER("users"."email") = 'ryan@wonderset.com') LIMIT 1[0m
  [4;36;1mUser Load (0.1ms)[0m   [0;1mSELECT "users".id FROM "users" WHERE (LOWER("users"."login") = 'wonderset') LIMIT 1[0m
  [4;35;1mUser Load (0.1ms)[0m   [0mSELECT "users".id FROM "users" WHERE ("users"."persistence_token" = '904e4595fe24d44e9e40af61487c9ac61c7493a53ab3338dcff91a5aada8690809b3e5e50c480c1374a23dd3c7b76d811d69b66358b9cb030e026ebb8111d90d') LIMIT 1[0m
  [4;36;1mUser Load (0.1ms)[0m   [0;1mSELECT "users".id FROM "users" WHERE ("users"."single_access_token" = 'G31f-zan8gRm8zGNWiML') LIMIT 1[0m
  [4;35;1mUser Create (0.2ms)[0m   [0mINSERT INTO "users" ("single_access_token", "last_request_at", "created_at", "crypted_password", "perishable_token", "updated_at", "account_id", "failed_login_count", "current_login_ip", "password_salt", "current_login_at", "persistence_token", "login_count", "last_login_ip", "login", "last_login_at", "email") VALUES('G31f-zan8gRm8zGNWiML', '2010-02-22 16:14:54', '2010-02-22 16:14:54', '2c386985f0eb3c92ebed9b93acc81cbd3d458ab154ed46c7bd53b58652a00738848ab1910168af62552cf6a27b4d423c8f6407ee5cd99ac672e701aee9048928', 'i_XSlDBGJA-RCtEixGCB', '2010-02-22 16:14:54', 1, 0, '127.0.0.1', 'Dw9Dk_9NPitrqvd2EtN1', '2010-02-22 16:14:54', '904e4595fe24d44e9e40af61487c9ac61c7493a53ab3338dcff91a5aada8690809b3e5e50c480c1374a23dd3c7b76d811d69b66358b9cb030e026ebb8111d90d', 1, NULL, 'wonderset', NULL, 'ryan@wonderset.com')[0m
Redirected to http://www.example.com/accounts/1/edit
Completed in 199ms (DB: 1) | 302 Found [http://www.example.com/users]
REQUESTING PAGE: GET http://www.example.com/accounts/1/edit with {} and HTTP headers {"HTTP_REFERER"=>"/users"}


Processing AccountsController#edit (for 127.0.0.1 at 2010-02-22 10:14:54) [GET]
  Parameters: {"action"=>"edit", "id"=>"1", "controller"=>"accounts"}


Processing ApplicationController#edit (for 127.0.0.1 at 2010-02-22 10:14:54) [GET]
  Parameters: {"action"=>"edit", "id"=>"1", "controller"=>"accounts"}
REQUESTING PAGE: GET / with {} and HTTP headers {}


Processing PagesController#show (for 127.0.0.1 at 2010-02-22 10:22:58) [GET]
  Parameters: {"action"=>"show", "id"=>"index", "controller"=>"pages"}
Rendering template within layouts/pages
Rendering pages/index
Completed in 6ms (View: 4, DB: 0) | 200 OK [http://www.example.com/]
REQUESTING PAGE: GET /users/new with {} and HTTP headers {"HTTP_REFERER"=>"/"}


Processing UsersController#new (for 127.0.0.1 at 2010-02-22 10:22:58) [GET]
  Parameters: {"action"=>"new", "controller"=>"users"}
Rendering users/new
Rendered users/_form (10.6ms)
Completed in 22ms (View: 18, DB: 0) | 200 OK [http://www.example.com/users/new]
REQUESTING PAGE: POST /users with {"commit"=>"sign up", "user"=>{"password_confirmation"=>"password", "password"=>"password", "login"=>"wonderset", "email"=>"ryan@wonderset.com"}} and HTTP headers {"HTTP_REFERER"=>"/users/new"}


Processing UsersController#create (for 127.0.0.1 at 2010-02-22 10:22:58) [POST]
  Parameters: {"commit"=>"sign up", "action"=>"create", "controller"=>"users", "user"=>{"password_confirmation"=>"[FILTERED]", "login"=>"wonderset", "password"=>"[FILTERED]", "email"=>"ryan@wonderset.com"}}
  [4;36;1mAccount Create (0.5ms)[0m   [0;1mINSERT INTO "accounts" ("created_at", "updated_at", "subdomain") VALUES('2010-02-22 16:22:58', '2010-02-22 16:22:58', NULL)[0m
  [4;35;1mUser Load (0.2ms)[0m   [0mSELECT "users".id FROM "users" WHERE (LOWER("users"."email") = 'ryan@wonderset.com') LIMIT 1[0m
  [4;36;1mUser Load (0.1ms)[0m   [0;1mSELECT "users".id FROM "users" WHERE (LOWER("users"."login") = 'wonderset') LIMIT 1[0m
  [4;35;1mUser Load (0.1ms)[0m   [0mSELECT "users".id FROM "users" WHERE ("users"."persistence_token" = '8e17bd9fe1f5b4a8c8b72f195a218a558a192fd8360ebaa3e04b3e0680ca34a0c4cfb80b499b974c37b269751d949079cc6047b1ffc7f763c32d644c4a0958cc') LIMIT 1[0m
  [4;36;1mUser Load (0.1ms)[0m   [0;1mSELECT "users".id FROM "users" WHERE ("users"."single_access_token" = 'dk-PQ_zvtbac1kkFsvF4') LIMIT 1[0m
  [4;35;1mUser Create (0.2ms)[0m   [0mINSERT INTO "users" ("single_access_token", "last_request_at", "created_at", "crypted_password", "perishable_token", "updated_at", "account_id", "failed_login_count", "current_login_ip", "password_salt", "current_login_at", "persistence_token", "login_count", "last_login_ip", "login", "last_login_at", "email") VALUES('dk-PQ_zvtbac1kkFsvF4', '2010-02-22 16:22:58', '2010-02-22 16:22:58', 'bf011ae281b6a10812e6d07f0a8cec5115c2dab655107a87c699801d21f255b1b8ac924fea638fb7a039227e7fd265fde72a2572a9668eedde93856f855478b4', 'NFRQ7nJ_wjjuu-mRBJef', '2010-02-22 16:22:58', 1, 0, '127.0.0.1', '1VaD7sRnLtdgaS_BIgFW', '2010-02-22 16:22:58', '8e17bd9fe1f5b4a8c8b72f195a218a558a192fd8360ebaa3e04b3e0680ca34a0c4cfb80b499b974c37b269751d949079cc6047b1ffc7f763c32d644c4a0958cc', 1, NULL, 'wonderset', NULL, 'ryan@wonderset.com')[0m
Redirected to http://www.example.com/accounts/1/edit
Completed in 200ms (DB: 1) | 302 Found [http://www.example.com/users]
REQUESTING PAGE: GET http://www.example.com/accounts/1/edit with {} and HTTP headers {"HTTP_REFERER"=>"/users"}


Processing AccountsController#edit (for 127.0.0.1 at 2010-02-22 10:22:58) [GET]
  Parameters: {"action"=>"edit", "id"=>"1", "controller"=>"accounts"}
  [4;36;1mUser Load (0.5ms)[0m   [0;1mSELECT * FROM "users" WHERE ("users"."persistence_token" = '8e17bd9fe1f5b4a8c8b72f195a218a558a192fd8360ebaa3e04b3e0680ca34a0c4cfb80b499b974c37b269751d949079cc6047b1ffc7f763c32d644c4a0958cc') LIMIT 1[0m
  [4;35;1mUser Update (0.2ms)[0m   [0mUPDATE "users" SET "updated_at" = '2010-02-22 16:22:58', "perishable_token" = 'dLuFwCJr460eU9OcgOeW', "last_request_at" = '2010-02-22 16:22:58' WHERE "id" = 1[0m
  [4;36;1mAccount Load (0.2ms)[0m   [0;1mSELECT * FROM "accounts" WHERE ("accounts"."id" = 1) [0m
Rendering accounts/edit
Completed in 11ms (View: 1, DB: 1) | 200 OK [http://www.example.com/accounts/1/edit]
REQUESTING PAGE: GET / with {} and HTTP headers {}


Processing PagesController#show (for 127.0.0.1 at 2010-02-22 10:24:07) [GET]
  Parameters: {"action"=>"show", "id"=>"index", "controller"=>"pages"}
Rendering template within layouts/pages
Rendering pages/index
Completed in 9ms (View: 5, DB: 0) | 200 OK [http://www.example.com/]
REQUESTING PAGE: GET /users/new with {} and HTTP headers {"HTTP_REFERER"=>"/"}


Processing UsersController#new (for 127.0.0.1 at 2010-02-22 10:24:07) [GET]
  Parameters: {"action"=>"new", "controller"=>"users"}
Rendering users/new
Rendered users/_form (13.0ms)
Completed in 28ms (View: 22, DB: 0) | 200 OK [http://www.example.com/users/new]
REQUESTING PAGE: POST /users with {"commit"=>"sign up", "user"=>{"password_confirmation"=>"password", "password"=>"password", "login"=>"wonderset", "email"=>"ryan@wonderset.com"}} and HTTP headers {"HTTP_REFERER"=>"/users/new"}


Processing UsersController#create (for 127.0.0.1 at 2010-02-22 10:24:07) [POST]
  Parameters: {"commit"=>"sign up", "action"=>"create", "controller"=>"users", "user"=>{"password_confirmation"=>"[FILTERED]", "login"=>"wonderset", "password"=>"[FILTERED]", "email"=>"ryan@wonderset.com"}}
  [4;36;1mAccount Create (0.5ms)[0m   [0;1mINSERT INTO "accounts" ("created_at", "updated_at", "subdomain") VALUES('2010-02-22 16:24:07', '2010-02-22 16:24:07', NULL)[0m
  [4;35;1mUser Load (0.2ms)[0m   [0mSELECT "users".id FROM "users" WHERE (LOWER("users"."email") = 'ryan@wonderset.com') LIMIT 1[0m
  [4;36;1mUser Load (0.1ms)[0m   [0;1mSELECT "users".id FROM "users" WHERE (LOWER("users"."login") = 'wonderset') LIMIT 1[0m
  [4;35;1mUser Load (0.1ms)[0m   [0mSELECT "users".id FROM "users" WHERE ("users"."persistence_token" = '91dcff6807dc4ab56ef1cfa0a53b267819df376d2bb661337a851ac89b9a79f32c9935d9e201e6381464caf542c4a36c6400eba17b962356cd72d6fff98688c3') LIMIT 1[0m
  [4;36;1mUser Load (0.1ms)[0m   [0;1mSELECT "users".id FROM "users" WHERE ("users"."single_access_token" = 'YeU8smRl8m3349gDD_Hw') LIMIT 1[0m
  [4;35;1mUser Create (0.2ms)[0m   [0mINSERT INTO "users" ("single_access_token", "last_request_at", "created_at", "crypted_password", "perishable_token", "updated_at", "account_id", "failed_login_count", "current_login_ip", "password_salt", "current_login_at", "persistence_token", "login_count", "last_login_ip", "login", "last_login_at", "email") VALUES('YeU8smRl8m3349gDD_Hw', '2010-02-22 16:24:07', '2010-02-22 16:24:07', 'd6f4af49682b8f79ba8e1d7e8709f57637830bc4855cc1eae25e3648dfca9e9c87f7314619330551b93b9a673bcfc3e64219be380deee49f21d7fb0d6a726cde', 'COoRpwDv7e-P6e8Oiemf', '2010-02-22 16:24:07', 1, 0, '127.0.0.1', '2KYOyGLXdYv0bmgEgoiP', '2010-02-22 16:24:07', '91dcff6807dc4ab56ef1cfa0a53b267819df376d2bb661337a851ac89b9a79f32c9935d9e201e6381464caf542c4a36c6400eba17b962356cd72d6fff98688c3', 1, NULL, 'wonderset', NULL, 'ryan@wonderset.com')[0m
Redirected to http://www.example.com/accounts/1/edit
Completed in 198ms (DB: 1) | 302 Found [http://www.example.com/users]
REQUESTING PAGE: GET http://www.example.com/accounts/1/edit with {} and HTTP headers {"HTTP_REFERER"=>"/users"}


Processing AccountsController#edit (for 127.0.0.1 at 2010-02-22 10:24:07) [GET]
  Parameters: {"action"=>"edit", "id"=>"1", "controller"=>"accounts"}
  [4;36;1mUser Load (0.5ms)[0m   [0;1mSELECT * FROM "users" WHERE ("users"."persistence_token" = '91dcff6807dc4ab56ef1cfa0a53b267819df376d2bb661337a851ac89b9a79f32c9935d9e201e6381464caf542c4a36c6400eba17b962356cd72d6fff98688c3') LIMIT 1[0m
  [4;35;1mUser Update (0.2ms)[0m   [0mUPDATE "users" SET "updated_at" = '2010-02-22 16:24:07', "perishable_token" = 'LghS1gvjZIWjEtM183Hb', "last_request_at" = '2010-02-22 16:24:07' WHERE "id" = 1[0m
  [4;36;1mAccount Load (0.2ms)[0m   [0;1mSELECT * FROM "accounts" WHERE ("accounts"."id" = 1) [0m
Rendering accounts/edit
Completed in 11ms (View: 1, DB: 1) | 200 OK [http://www.example.com/accounts/1/edit]
